2025-10-01T15:41:41.772+0300 [DEBUG] [org.gradle.launcher.daemon.bootstrap.DaemonMain] Assuming the daemon was started with following jvm opts: [-Xmx1536m, -Dfile.encoding=UTF-8, -Duser.country=TR, -Duser.language=tr, -Duser.variant]
2025-10-01T15:41:41.893+0300 [DEBUG] [org.gradle.internal.nativeintegration.services.NativeServices] Native-platform posix files integration is not available. Continuing with fallback.
2025-10-01T15:41:41.913+0300 [INFO] [org.gradle.launcher.daemon.server.Daemon] start() called on daemon - DefaultDaemonContext[uid=bffbbc8c-1ed0-437c-b1f1-41f01b0410b4,javaHome=C:\Program Files\Android\Android Studio\jbr,javaVersion=21,javaVendor=JetBrains s.r.o.,daemonRegistryDir=C:\Users\RED\Desktop\LGS2\daemon,pid=20864,idleTimeout=10800000,priority=NORMAL,applyInstrumentationAgent=true,nativeServicesMode=ENABLED,daemonOpts=-Xmx1536m,-Dfile.encoding=UTF-8,-Duser.country=TR,-Duser.language=tr,-Duser.variant]
2025-10-01T15:41:41.967+0300 [DEBUG] [org.gradle.internal.remote.internal.inet.InetAddresses] Adding IP addresses for network interface VirtualBox Host-Only Ethernet Adapter-WFP Native MAC Layer LightWeight Filter-0000
2025-10-01T15:41:41.967+0300 [DEBUG] [org.gradle.internal.remote.internal.inet.InetAddresses] Is this a loopback interface? false
2025-10-01T15:41:41.967+0300 [DEBUG] [org.gradle.internal.remote.internal.inet.InetAddresses] Adding IP addresses for network interface VirtualBox Host-Only Ethernet Adapter-Killer Network Bandwidth Control-0000
2025-10-01T15:41:41.967+0300 [DEBUG] [org.gradle.internal.remote.internal.inet.InetAddresses] Is this a loopback interface? false
2025-10-01T15:41:41.967+0300 [DEBUG] [org.gradle.internal.remote.internal.inet.InetAddresses] Adding IP addresses for network interface VirtualBox Host-Only Ethernet Adapter-QoS Packet Scheduler-0000
2025-10-01T15:41:41.968+0300 [DEBUG] [org.gradle.internal.remote.internal.inet.InetAddresses] Is this a loopback interface? false
2025-10-01T15:41:41.968+0300 [DEBUG] [org.gradle.internal.remote.internal.inet.InetAddresses] Adding IP addresses for network interface VirtualBox Host-Only Ethernet Adapter-WFP 802.3 MAC Layer LightWeight Filter-0000
2025-10-01T15:41:41.968+0300 [DEBUG] [org.gradle.internal.remote.internal.inet.InetAddresses] Is this a loopback interface? false
2025-10-01T15:41:41.968+0300 [DEBUG] [org.gradle.internal.remote.internal.inet.InetAddresses] Adding IP addresses for network interface Killer E2400 Gigabit Ethernet Controller-WFP Native MAC Layer LightWeight Filter-0000
2025-10-01T15:41:41.969+0300 [DEBUG] [org.gradle.internal.remote.internal.inet.InetAddresses] Is this a loopback interface? false
2025-10-01T15:41:41.969+0300 [DEBUG] [org.gradle.internal.remote.internal.inet.InetAddresses] Adding IP addresses for network interface Killer E2400 Gigabit Ethernet Controller-VirtualBox NDIS Light-Weight Filter-0000
2025-10-01T15:41:41.969+0300 [DEBUG] [org.gradle.internal.remote.internal.inet.InetAddresses] Is this a loopback interface? false
2025-10-01T15:41:41.969+0300 [DEBUG] [org.gradle.internal.remote.internal.inet.InetAddresses] Adding IP addresses for network interface Killer E2400 Gigabit Ethernet Controller-Killer Network Bandwidth Control-0000
2025-10-01T15:41:41.970+0300 [DEBUG] [org.gradle.internal.remote.internal.inet.InetAddresses] Is this a loopback interface? false
2025-10-01T15:41:41.970+0300 [DEBUG] [org.gradle.internal.remote.internal.inet.InetAddresses] Adding IP addresses for network interface Killer E2400 Gigabit Ethernet Controller-QoS Packet Scheduler-0000
2025-10-01T15:41:41.970+0300 [DEBUG] [org.gradle.internal.remote.internal.inet.InetAddresses] Is this a loopback interface? false
2025-10-01T15:41:41.971+0300 [DEBUG] [org.gradle.internal.remote.internal.inet.InetAddresses] Adding IP addresses for network interface Killer E2400 Gigabit Ethernet Controller-WFP 802.3 MAC Layer LightWeight Filter-0000
2025-10-01T15:41:41.971+0300 [DEBUG] [org.gradle.internal.remote.internal.inet.InetAddresses] Is this a loopback interface? false
2025-10-01T15:41:41.971+0300 [DEBUG] [org.gradle.internal.remote.internal.inet.InetAddresses] Adding IP addresses for network interface WAN Miniport (IP)-WFP Native MAC Layer LightWeight Filter-0000
2025-10-01T15:41:41.971+0300 [DEBUG] [org.gradle.internal.remote.internal.inet.InetAddresses] Is this a loopback interface? false
2025-10-01T15:41:41.972+0300 [DEBUG] [org.gradle.internal.remote.internal.inet.InetAddresses] Adding IP addresses for network interface WAN Miniport (IP)-QoS Packet Scheduler-0000
2025-10-01T15:41:41.972+0300 [DEBUG] [org.gradle.internal.remote.internal.inet.InetAddresses] Is this a loopback interface? false
2025-10-01T15:41:41.972+0300 [DEBUG] [org.gradle.internal.remote.internal.inet.InetAddresses] Adding IP addresses for network interface WAN Miniport (IPv6)-WFP Native MAC Layer LightWeight Filter-0000
2025-10-01T15:41:41.972+0300 [DEBUG] [org.gradle.internal.remote.internal.inet.InetAddresses] Is this a loopback interface? false
2025-10-01T15:41:41.972+0300 [DEBUG] [org.gradle.internal.remote.internal.inet.InetAddresses] Adding IP addresses for network interface WAN Miniport (IPv6)-QoS Packet Scheduler-0000
2025-10-01T15:41:41.973+0300 [DEBUG] [org.gradle.internal.remote.internal.inet.InetAddresses] Is this a loopback interface? false
2025-10-01T15:41:41.973+0300 [DEBUG] [org.gradle.internal.remote.internal.inet.InetAddresses] Adding IP addresses for network interface WAN Miniport (Network Monitor)-WFP Native MAC Layer LightWeight Filter-0000
2025-10-01T15:41:41.973+0300 [DEBUG] [org.gradle.internal.remote.internal.inet.InetAddresses] Is this a loopback interface? false
2025-10-01T15:41:41.973+0300 [DEBUG] [org.gradle.internal.remote.internal.inet.InetAddresses] Adding IP addresses for network interface WAN Miniport (Network Monitor)-QoS Packet Scheduler-0000
2025-10-01T15:41:41.973+0300 [DEBUG] [org.gradle.internal.remote.internal.inet.InetAddresses] Is this a loopback interface? false
2025-10-01T15:41:41.973+0300 [DEBUG] [org.gradle.internal.remote.internal.inet.InetAddresses] Adding IP addresses for network interface Microsoft Kernel Debug Network Adapter
2025-10-01T15:41:41.974+0300 [DEBUG] [org.gradle.internal.remote.internal.inet.InetAddresses] Is this a loopback interface? false
2025-10-01T15:41:41.974+0300 [DEBUG] [org.gradle.internal.remote.internal.inet.InetAddresses] Adding IP addresses for network interface WAN Miniport (IP)
2025-10-01T15:41:41.974+0300 [DEBUG] [org.gradle.internal.remote.internal.inet.InetAddresses] Is this a loopback interface? false
2025-10-01T15:41:41.974+0300 [DEBUG] [org.gradle.internal.remote.internal.inet.InetAddresses] Adding IP addresses for network interface WAN Miniport (IPv6)
2025-10-01T15:41:41.974+0300 [DEBUG] [org.gradle.internal.remote.internal.inet.InetAddresses] Is this a loopback interface? false
2025-10-01T15:41:41.974+0300 [DEBUG] [org.gradle.internal.remote.internal.inet.InetAddresses] Adding IP addresses for network interface WAN Miniport (Network Monitor)
2025-10-01T15:41:41.975+0300 [DEBUG] [org.gradle.internal.remote.internal.inet.InetAddresses] Is this a loopback interface? false
2025-10-01T15:41:41.975+0300 [DEBUG] [org.gradle.internal.remote.internal.inet.InetAddresses] Adding IP addresses for network interface VirtualBox Host-Only Ethernet Adapter
2025-10-01T15:41:41.975+0300 [DEBUG] [org.gradle.internal.remote.internal.inet.InetAddresses] Is this a loopback interface? false
2025-10-01T15:41:41.975+0300 [DEBUG] [org.gradle.internal.remote.internal.inet.InetAddresses] Adding remote address /fe80:0:0:0:2926:80a7:c85e:6693%ethernet_32772
2025-10-01T15:41:41.975+0300 [DEBUG] [org.gradle.internal.remote.internal.inet.InetAddresses] Adding remote address /192.168.56.1
2025-10-01T15:41:41.975+0300 [DEBUG] [org.gradle.internal.remote.internal.inet.InetAddresses] Adding IP addresses for network interface Killer E2400 Gigabit Ethernet Controller
2025-10-01T15:41:41.976+0300 [DEBUG] [org.gradle.internal.remote.internal.inet.InetAddresses] Is this a loopback interface? false
2025-10-01T15:41:41.976+0300 [DEBUG] [org.gradle.internal.remote.internal.inet.InetAddresses] Adding remote address /fe80:0:0:0:eefd:4e70:a20c:d812%ethernet_32773
2025-10-01T15:41:41.976+0300 [DEBUG] [org.gradle.internal.remote.internal.inet.InetAddresses] Adding remote address /192.168.1.20
2025-10-01T15:41:41.976+0300 [DEBUG] [org.gradle.internal.remote.internal.inet.InetAddresses] Adding IP addresses for network interface Killer E2400 Gigabit Ethernet Controller #2
2025-10-01T15:41:41.976+0300 [DEBUG] [org.gradle.internal.remote.internal.inet.InetAddresses] Is this a loopback interface? false
2025-10-01T15:41:41.977+0300 [DEBUG] [org.gradle.internal.remote.internal.inet.InetAddresses] Adding IP addresses for network interface Bluetooth Device (Personal Area Network) #2
2025-10-01T15:41:41.977+0300 [DEBUG] [org.gradle.internal.remote.internal.inet.InetAddresses] Is this a loopback interface? false
2025-10-01T15:41:41.977+0300 [DEBUG] [org.gradle.internal.remote.internal.inet.InetAddresses] Adding IP addresses for network interface Bluetooth Device (Personal Area Network) #3
2025-10-01T15:41:41.977+0300 [DEBUG] [org.gradle.internal.remote.internal.inet.InetAddresses] Is this a loopback interface? false
2025-10-01T15:41:41.977+0300 [DEBUG] [org.gradle.internal.remote.internal.inet.InetAddresses] Adding IP addresses for network interface Bluetooth Device (Personal Area Network) #4
2025-10-01T15:41:41.977+0300 [DEBUG] [org.gradle.internal.remote.internal.inet.InetAddresses] Is this a loopback interface? false
2025-10-01T15:41:41.978+0300 [DEBUG] [org.gradle.internal.remote.internal.inet.InetAddresses] Adding IP addresses for network interface Bluetooth Device (Personal Area Network)
2025-10-01T15:41:41.978+0300 [DEBUG] [org.gradle.internal.remote.internal.inet.InetAddresses] Is this a loopback interface? false
2025-10-01T15:41:41.978+0300 [DEBUG] [org.gradle.internal.remote.internal.inet.InetAddresses] Adding IP addresses for network interface Bluetooth Device (Personal Area Network) #5
2025-10-01T15:41:41.978+0300 [DEBUG] [org.gradle.internal.remote.internal.inet.InetAddresses] Is this a loopback interface? false
2025-10-01T15:41:41.978+0300 [DEBUG] [org.gradle.internal.remote.internal.inet.InetAddresses] Adding remote address /fe80:0:0:0:a040:5739:455c:6b42%ethernet_32779
2025-10-01T15:41:41.978+0300 [DEBUG] [org.gradle.internal.remote.internal.inet.InetAddresses] Adding IP addresses for network interface WAN Miniport (PPPOE)
2025-10-01T15:41:41.979+0300 [DEBUG] [org.gradle.internal.remote.internal.inet.InetAddresses] Is this a loopback interface? false
2025-10-01T15:41:41.979+0300 [DEBUG] [org.gradle.internal.remote.internal.inet.InetAddresses] Adding IP addresses for network interface RAS Async Adapter
2025-10-01T15:41:41.979+0300 [DEBUG] [org.gradle.internal.remote.internal.inet.InetAddresses] Is this a loopback interface? false
2025-10-01T15:41:41.980+0300 [DEBUG] [org.gradle.internal.remote.internal.inet.InetAddresses] Adding IP addresses for network interface Software Loopback Interface 1
2025-10-01T15:41:41.980+0300 [DEBUG] [org.gradle.internal.remote.internal.inet.InetAddresses] Is this a loopback interface? true
2025-10-01T15:41:41.980+0300 [DEBUG] [org.gradle.internal.remote.internal.inet.InetAddresses] Adding loopback address /0:0:0:0:0:0:0:1
2025-10-01T15:41:41.980+0300 [DEBUG] [org.gradle.internal.remote.internal.inet.InetAddresses] Adding loopback address /127.0.0.1
2025-10-01T15:41:41.980+0300 [DEBUG] [org.gradle.internal.remote.internal.inet.InetAddresses] Adding IP addresses for network interface 802.11n USB Wireless LAN Card
2025-10-01T15:41:41.980+0300 [DEBUG] [org.gradle.internal.remote.internal.inet.InetAddresses] Is this a loopback interface? false
2025-10-01T15:41:41.980+0300 [DEBUG] [org.gradle.internal.remote.internal.inet.InetAddresses] Adding IP addresses for network interface Microsoft Wi-Fi Direct Virtual Adapter
2025-10-01T15:41:41.981+0300 [DEBUG] [org.gradle.internal.remote.internal.inet.InetAddresses] Is this a loopback interface? false
2025-10-01T15:41:41.981+0300 [DEBUG] [org.gradle.internal.remote.internal.inet.InetAddresses] Adding IP addresses for network interface Microsoft Wi-Fi Direct Virtual Adapter #2
2025-10-01T15:41:41.981+0300 [DEBUG] [org.gradle.internal.remote.internal.inet.InetAddresses] Is this a loopback interface? false
2025-10-01T15:41:41.981+0300 [DEBUG] [org.gradle.internal.remote.internal.inet.InetAddresses] Adding IP addresses for network interface Microsoft Teredo Tunneling Adapter
2025-10-01T15:41:41.981+0300 [DEBUG] [org.gradle.internal.remote.internal.inet.InetAddresses] Is this a loopback interface? false
2025-10-01T15:41:41.981+0300 [DEBUG] [org.gradle.internal.remote.internal.inet.InetAddresses] Adding IP addresses for network interface Microsoft IP-HTTPS Platform Adapter
2025-10-01T15:41:41.982+0300 [DEBUG] [org.gradle.internal.remote.internal.inet.InetAddresses] Is this a loopback interface? false
2025-10-01T15:41:41.982+0300 [DEBUG] [org.gradle.internal.remote.internal.inet.InetAddresses] Adding IP addresses for network interface Microsoft 6to4 Adapter
2025-10-01T15:41:41.982+0300 [DEBUG] [org.gradle.internal.remote.internal.inet.InetAddresses] Is this a loopback interface? false
2025-10-01T15:41:41.982+0300 [DEBUG] [org.gradle.internal.remote.internal.inet.InetAddresses] Adding IP addresses for network interface WAN Miniport (SSTP)
2025-10-01T15:41:41.982+0300 [DEBUG] [org.gradle.internal.remote.internal.inet.InetAddresses] Is this a loopback interface? false
2025-10-01T15:41:41.982+0300 [DEBUG] [org.gradle.internal.remote.internal.inet.InetAddresses] Adding IP addresses for network interface WAN Miniport (IKEv2)
2025-10-01T15:41:41.982+0300 [DEBUG] [org.gradle.internal.remote.internal.inet.InetAddresses] Is this a loopback interface? false
2025-10-01T15:41:41.983+0300 [DEBUG] [org.gradle.internal.remote.internal.inet.InetAddresses] Adding IP addresses for network interface WAN Miniport (L2TP)
2025-10-01T15:41:41.983+0300 [DEBUG] [org.gradle.internal.remote.internal.inet.InetAddresses] Is this a loopback interface? false
2025-10-01T15:41:41.983+0300 [DEBUG] [org.gradle.internal.remote.internal.inet.InetAddresses] Adding IP addresses for network interface WAN Miniport (PPTP)
2025-10-01T15:41:41.984+0300 [DEBUG] [org.gradle.internal.remote.internal.inet.InetAddresses] Is this a loopback interface? false
2025-10-01T15:41:41.986+0300 [DEBUG] [org.gradle.internal.remote.internal.inet.TcpIncomingConnector] Listening on [a9d43dd5-b335-4430-ae22-b916786238bb port:60186, addresses:[localhost/127.0.0.1]].
2025-10-01T15:41:42.003+0300 [DEBUG] [org.gradle.launcher.daemon.server.Daemon] Daemon starting at: Wed Oct 01 15:41:41 TRT 2025, with address: [a9d43dd5-b335-4430-ae22-b916786238bb port:60186, addresses:[localhost/127.0.0.1]]
2025-10-01T15:41:42.003+0300 [INFO] [org.gradle.launcher.daemon.server.DaemonRegistryUpdater] Advertising the daemon address to the clients: [a9d43dd5-b335-4430-ae22-b916786238bb port:60186, addresses:[localhost/127.0.0.1]]
2025-10-01T15:41:42.003+0300 [DEBUG] [org.gradle.launcher.daemon.server.DaemonRegistryUpdater] Advertised daemon context: DefaultDaemonContext[uid=bffbbc8c-1ed0-437c-b1f1-41f01b0410b4,javaHome=C:\Program Files\Android\Android Studio\jbr,javaVersion=21,javaVendor=JetBrains s.r.o.,daemonRegistryDir=C:\Users\RED\Desktop\LGS2\daemon,pid=20864,idleTimeout=10800000,priority=NORMAL,applyInstrumentationAgent=true,nativeServicesMode=ENABLED,daemonOpts=-Xmx1536m,-Dfile.encoding=UTF-8,-Duser.country=TR,-Duser.language=tr,-Duser.variant]
2025-10-01T15:41:42.004+0300 [DEBUG] [org.gradle.launcher.daemon.registry.PersistentDaemonRegistry] Storing daemon address: [a9d43dd5-b335-4430-ae22-b916786238bb port:60186, addresses:[localhost/127.0.0.1]], context: DefaultDaemonContext[uid=bffbbc8c-1ed0-437c-b1f1-41f01b0410b4,javaHome=C:\Program Files\Android\Android Studio\jbr,javaVersion=21,javaVendor=JetBrains s.r.o.,daemonRegistryDir=C:\Users\RED\Desktop\LGS2\daemon,pid=20864,idleTimeout=10800000,priority=NORMAL,applyInstrumentationAgent=true,nativeServicesMode=ENABLED,daemonOpts=-Xmx1536m,-Dfile.encoding=UTF-8,-Duser.country=TR,-Duser.language=tr,-Duser.variant]
2025-10-01T15:41:42.015+0300 [DEBUG] [org.gradle.cache.internal.DefaultFileLockManager] Waiting to acquire exclusive lock on daemon addresses registry.
2025-10-01T15:41:42.019+0300 [DEBUG] [org.gradle.cache.internal.DefaultFileLockManager] Lock acquired on daemon addresses registry.
2025-10-01T15:41:42.022+0300 [DEBUG] [org.gradle.cache.internal.DefaultFileLockManager] Releasing lock on daemon addresses registry.
2025-10-01T15:41:42.023+0300 [LIFECYCLE] [org.gradle.launcher.daemon.server.Daemon] Daemon server started.
2025-10-01T15:41:42.024+0300 [DEBUG] [org.gradle.launcher.daemon.bootstrap.DaemonStartupCommunication] Completed writing the daemon greeting. Closing streams...
2025-10-01T15:41:42.031+0300 [DEBUG] [org.gradle.internal.remote.internal.inet.TcpIncomingConnector] Accepted connection from /127.0.0.1:60187 to /127.0.0.1:60186.
2025-10-01T15:41:42.046+0300 [DEBUG] [org.gradle.launcher.daemon.server.Daemon] stopOnExpiration() called on daemon
2025-10-01T15:41:42.048+0300 [DEBUG] [org.gradle.launcher.daemon.server.Daemon] awaitExpiration() called on daemon
2025-10-01T15:41:42.050+0300 [DEBUG] [org.gradle.launcher.daemon.server.DaemonStateCoordinator] daemon is running. Sleeping until state changes.
2025-10-01T15:41:42.094+0300 [DEBUG] [org.gradle.launcher.daemon.server.SynchronizedDispatchConnection] thread 30: received class org.gradle.launcher.daemon.protocol.Build
2025-10-01T15:41:42.094+0300 [DEBUG] [org.gradle.launcher.daemon.server.DefaultDaemonConnection] thread 30: Received non-IO message from client: Build{id=f33d8a87-2dc8-41bd-9bb5-f5fb01a4a2cb, currentDir=C:\Users\RED\Desktop\LGS2\android}
2025-10-01T15:41:42.095+0300 [INFO] [org.gradle.launcher.daemon.server.DefaultIncomingConnectionHandler] Received command: Build{id=f33d8a87-2dc8-41bd-9bb5-f5fb01a4a2cb, currentDir=C:\Users\RED\Desktop\LGS2\android}.
2025-10-01T15:41:42.096+0300 [DEBUG] [org.gradle.launcher.daemon.server.DefaultIncomingConnectionHandler] Starting executing command: Build{id=f33d8a87-2dc8-41bd-9bb5-f5fb01a4a2cb, currentDir=C:\Users\RED\Desktop\LGS2\android} with connection: socket connection from /127.0.0.1:60186 to /127.0.0.1:60187.
2025-10-01T15:41:42.099+0300 [DEBUG] [org.gradle.launcher.daemon.server.DaemonStateCoordinator] Command execution: started DaemonCommandExecution[command = Build{id=f33d8a87-2dc8-41bd-9bb5-f5fb01a4a2cb, currentDir=C:\Users\RED\Desktop\LGS2\android}, connection = DefaultDaemonConnection: socket connection from /127.0.0.1:60186 to /127.0.0.1:60187] after 0.002316666666666667 minutes of idle
2025-10-01T15:41:42.099+0300 [INFO] [org.gradle.launcher.daemon.server.DaemonRegistryUpdater] Marking the daemon as busy, address: [a9d43dd5-b335-4430-ae22-b916786238bb port:60186, addresses:[localhost/127.0.0.1]]
2025-10-01T15:41:42.099+0300 [DEBUG] [org.gradle.launcher.daemon.registry.PersistentDaemonRegistry] Marking busy by address: [a9d43dd5-b335-4430-ae22-b916786238bb port:60186, addresses:[localhost/127.0.0.1]]
2025-10-01T15:41:42.101+0300 [DEBUG] [org.gradle.cache.internal.DefaultFileLockManager] Waiting to acquire exclusive lock on daemon addresses registry.
2025-10-01T15:41:42.101+0300 [DEBUG] [org.gradle.cache.internal.DefaultFileLockManager] Lock acquired on daemon addresses registry.
2025-10-01T15:41:42.103+0300 [DEBUG] [org.gradle.cache.internal.DefaultFileLockManager] Releasing lock on daemon addresses registry.
2025-10-01T15:41:42.103+0300 [DEBUG] [org.gradle.launcher.daemon.server.DaemonStateCoordinator] resetting idle timer
2025-10-01T15:41:42.103+0300 [DEBUG] [org.gradle.launcher.daemon.server.DaemonStateCoordinator] daemon is running. Sleeping until state changes.
2025-10-01T15:41:42.104+0300 [INFO] [org.gradle.launcher.daemon.server.exec.StartBuildOrRespondWithBusy] Daemon is about to start building Build{id=f33d8a87-2dc8-41bd-9bb5-f5fb01a4a2cb, currentDir=C:\Users\RED\Desktop\LGS2\android}. Dispatching build started information...
2025-10-01T15:41:42.105+0300 [DEBUG] [org.gradle.launcher.daemon.server.SynchronizedDispatchConnection] thread 32: dispatching org.gradle.launcher.daemon.protocol.BuildStarted@424464d8
2025-10-01T15:41:42.106+0300 [DEBUG] [org.gradle.launcher.daemon.server.exec.EstablishBuildEnvironment] Configuring env variables: [USERDOMAIN_ROAMINGPROFILE, WT_SESSION, npm_config_npm_version, PROCESSOR_LEVEL, npm_lifecycle_script, SESSIONNAME, ALLUSERSPROFILE, PROCESSOR_ARCHITECTURE, PSModulePath, SystemDrive, COLOR, npm_lifecycle_event, INIT_CWD, USERNAME, ProgramFiles(x86), npm_package_version, PATHEXT, npm_config_noproxy, DriverData, OneDriveConsumer, NODE, npm_config_prefix, npm_node_execpath, npm_config_init_module, ProgramData, ProgramW6432, __PSLockDownPolicy, HOMEPATH, PROCESSOR_IDENTIFIER, POWERSHELL_DISTRIBUTION_CHANNEL, ProgramFiles, PUBLIC, windir, npm_config_cache, npm_package_json, npm_config_node_gyp, LOCALAPPDATA, USERDOMAIN, LOGONSERVER, npm_command, PROMPT, WT_PROFILE_ID, OneDrive, APPDATA, npm_config_userconfig, npm_execpath, VBOX_MSI_INSTALL_PATH, CommonProgramFiles, Path, npm_config_local_prefix, npm_config_globalconfig, OS, COMPUTERNAME, npm_config_user_agent, PROCESSOR_REVISION, CommonProgramW6432, ComSpec, npm_package_name, PSExecutionPolicyPreference, EDITOR, TEMP, SystemRoot, npm_config_global_prefix, HOMEDRIVE, USERPROFILE, TMP, WSLENV, CommonProgramFiles(x86), NUMBER_OF_PROCESSORS, HOME]
2025-10-01T15:41:42.110+0300 [DEBUG] [org.gradle.launcher.daemon.server.exec.LogToClient] About to start relaying all logs to the client via the connection.
2025-10-01T15:41:42.110+0300 [INFO] [org.gradle.launcher.daemon.server.exec.LogToClient] The client will now receive all logging from the daemon (pid: 20864). The daemon log file: C:\Users\RED\Desktop\LGS2\daemon\8.11.1\daemon-20864.out.log
2025-10-01T15:41:42.112+0300 [INFO] [org.gradle.launcher.daemon.server.exec.LogAndCheckHealth] Starting build in new daemon [memory: 1.5 GiB]
2025-10-01T15:41:42.114+0300 [DEBUG] [org.gradle.launcher.daemon.server.exec.ExecuteBuild] The daemon has started executing the build.
2025-10-01T15:41:42.114+0300 [DEBUG] [org.gradle.launcher.daemon.server.exec.ExecuteBuild] Executing build with daemon context: DefaultDaemonContext[uid=bffbbc8c-1ed0-437c-b1f1-41f01b0410b4,javaHome=C:\Program Files\Android\Android Studio\jbr,javaVersion=21,javaVendor=JetBrains s.r.o.,daemonRegistryDir=C:\Users\RED\Desktop\LGS2\daemon,pid=20864,idleTimeout=10800000,priority=NORMAL,applyInstrumentationAgent=true,nativeServicesMode=ENABLED,daemonOpts=-Xmx1536m,-Dfile.encoding=UTF-8,-Duser.country=TR,-Duser.language=tr,-Duser.variant]
AGPBI: {"kind":"warning","text":"Using flatDir should be avoided because it doesn't support any meta-data formats.","sources":[{}]}
AGPBI: {"kind":"warning","text":"Using flatDir should be avoided because it doesn't support any meta-data formats.","sources":[{}]}

BUILD SUCCESSFUL in 15s
8 actionable tasks: 7 executed, 1 up-to-date
2025-10-01T15:41:55.781+0300 [DEBUG] [org.gradle.launcher.daemon.server.exec.ExecuteBuild] The daemon has finished executing the build.
2025-10-01T15:41:55.799+0300 [DEBUG] [org.gradle.launcher.daemon.server.DaemonStateCoordinator] daemon is running. Sleeping until state changes.
2025-10-01T15:41:55.799+0300 [DEBUG] [org.gradle.launcher.daemon.server.DaemonStateCoordinator] Command execution: finished waiting for DaemonCommandExecution[command = Build{id=f33d8a87-2dc8-41bd-9bb5-f5fb01a4a2cb, currentDir=C:\Users\RED\Desktop\LGS2\android}, connection = DefaultDaemonConnection: socket connection from /127.0.0.1:60186 to /127.0.0.1:60187]. Result org.gradle.launcher.daemon.server.DaemonStateCoordinator@bcdcd63 with state Busy
2025-10-01T15:41:55.800+0300 [DEBUG] [org.gradle.launcher.daemon.server.DaemonStateCoordinator] Command execution: completed DaemonCommandExecution[command = Build{id=f33d8a87-2dc8-41bd-9bb5-f5fb01a4a2cb, currentDir=C:\Users\RED\Desktop\LGS2\android}, connection = DefaultDaemonConnection: socket connection from /127.0.0.1:60186 to /127.0.0.1:60187]
2025-10-01T15:41:55.800+0300 [DEBUG] [org.gradle.launcher.daemon.server.DaemonStateCoordinator] resetting idle timer
2025-10-01T15:41:55.801+0300 [INFO] [org.gradle.launcher.daemon.server.DaemonRegistryUpdater] Marking the daemon as idle, address: [a9d43dd5-b335-4430-ae22-b916786238bb port:60186, addresses:[localhost/127.0.0.1]]
2025-10-01T15:41:55.801+0300 [DEBUG] [org.gradle.launcher.daemon.registry.PersistentDaemonRegistry] Marking busy by address: [a9d43dd5-b335-4430-ae22-b916786238bb port:60186, addresses:[localhost/127.0.0.1]]
2025-10-01T15:41:55.802+0300 [DEBUG] [org.gradle.cache.internal.DefaultFileLockManager] Waiting to acquire exclusive lock on daemon addresses registry.
2025-10-01T15:41:55.802+0300 [DEBUG] [org.gradle.cache.internal.DefaultFileLockManager] Lock acquired on daemon addresses registry.
2025-10-01T15:41:55.803+0300 [DEBUG] [org.gradle.cache.internal.DefaultFileLockManager] Releasing lock on daemon addresses registry.
2025-10-01T15:41:55.803+0300 [DEBUG] [org.gradle.launcher.daemon.server.DaemonStateCoordinator] daemon is running. Sleeping until state changes.
2025-10-01T15:41:55.803+0300 [DEBUG] [org.gradle.launcher.daemon.server.exec.ReturnResult] Daemon is dispatching the build result: Success[value=org.gradle.launcher.exec.BuildActionResult@3731d3fd]
2025-10-01T15:41:55.804+0300 [DEBUG] [org.gradle.launcher.daemon.server.SynchronizedDispatchConnection] thread 29: dispatching Success[value=org.gradle.launcher.exec.BuildActionResult@3731d3fd]
2025-10-01T15:41:55.808+0300 [DEBUG] [org.gradle.launcher.daemon.server.SynchronizedDispatchConnection] thread 30: received class org.gradle.launcher.daemon.protocol.CloseInput
2025-10-01T15:41:55.808+0300 [DEBUG] [org.gradle.launcher.daemon.server.DefaultDaemonConnection] thread 30: Received IO message from client: org.gradle.launcher.daemon.protocol.CloseInput@1791fe62
2025-10-01T15:41:55.809+0300 [DEBUG] [org.gradle.launcher.daemon.server.SynchronizedDispatchConnection] thread 30: received class org.gradle.launcher.daemon.protocol.Finished
2025-10-01T15:41:55.809+0300 [DEBUG] [org.gradle.launcher.daemon.server.DefaultDaemonConnection] thread 30: Received non-IO message from client: org.gradle.launcher.daemon.protocol.Finished@6666e02a
2025-10-01T15:41:55.810+0300 [DEBUG] [org.gradle.internal.remote.internal.inet.SocketConnection] Discarding EOFException: java.io.EOFException
2025-10-01T15:41:55.810+0300 [DEBUG] [org.gradle.launcher.daemon.server.SynchronizedDispatchConnection] thread 30: received null
2025-10-01T15:41:55.811+0300 [DEBUG] [org.gradle.launcher.daemon.server.DefaultDaemonConnection] thread 30: Received end-of-input from client.
2025-10-01T15:41:55.811+0300 [DEBUG] [org.gradle.launcher.daemon.server.DefaultIncomingConnectionHandler] Finishing executing command: Build{id=f33d8a87-2dc8-41bd-9bb5-f5fb01a4a2cb, currentDir=C:\Users\RED\Desktop\LGS2\android}
2025-10-01T15:41:55.811+0300 [WARN] [org.gradle.launcher.daemon.server.DefaultIncomingConnectionHandler] Timed out waiting for finished message from client socket connection from /127.0.0.1:60186 to /127.0.0.1:60187. Discarding connection.
2025-10-01T15:41:55.811+0300 [DEBUG] [org.gradle.launcher.daemon.server.SynchronizedDispatchConnection] thread 29: stopping connection
2025-10-01T15:41:55.813+0300 [DEBUG] [org.gradle.launcher.daemon.server.SynchronizedDispatchConnection] thread 29: stopping connection
2025-10-01T15:41:55.821+0300 [DEBUG] [org.gradle.launcher.daemon.server.exec.CleanUpVirtualFileSystemAfterBuild] Cleaning virtual file system after build finished
2025-10-01T15:42:02.058+0300 [DEBUG] [org.gradle.cache.internal.DefaultFileLockManager] Waiting to acquire shared lock on daemon addresses registry.
2025-10-01T15:42:02.058+0300 [DEBUG] [org.gradle.cache.internal.DefaultFileLockManager] Lock acquired on daemon addresses registry.
2025-10-01T15:42:02.059+0300 [DEBUG] [org.gradle.cache.internal.DefaultFileLockManager] Releasing lock on daemon addresses registry.
2025-10-01T15:42:02.060+0300 [DEBUG] [org.gradle.cache.internal.DefaultFileLockManager] Waiting to acquire shared lock on daemon addresses registry.
2025-10-01T15:42:02.060+0300 [DEBUG] [org.gradle.cache.internal.DefaultFileLockManager] Lock acquired on daemon addresses registry.
2025-10-01T15:42:02.060+0300 [DEBUG] [org.gradle.cache.internal.DefaultFileLockManager] Releasing lock on daemon addresses registry.
2025-10-01T15:42:06.556+0300 [DEBUG] [org.gradle.internal.remote.internal.inet.TcpIncomingConnector] Accepted connection from /127.0.0.1:60197 to /127.0.0.1:60186.
2025-10-01T15:42:06.566+0300 [DEBUG] [org.gradle.launcher.daemon.server.SynchronizedDispatchConnection] thread 98: received class org.gradle.launcher.daemon.protocol.Build
2025-10-01T15:42:06.566+0300 [DEBUG] [org.gradle.launcher.daemon.server.DefaultDaemonConnection] thread 98: Received non-IO message from client: Build{id=9b72fe79-3490-4768-ab37-6050faa04c59, currentDir=C:\Users\RED\Desktop\LGS2\android}
2025-10-01T15:42:06.570+0300 [INFO] [org.gradle.launcher.daemon.server.DefaultIncomingConnectionHandler] Received command: Build{id=9b72fe79-3490-4768-ab37-6050faa04c59, currentDir=C:\Users\RED\Desktop\LGS2\android}.
2025-10-01T15:42:06.570+0300 [DEBUG] [org.gradle.launcher.daemon.server.DefaultIncomingConnectionHandler] Starting executing command: Build{id=9b72fe79-3490-4768-ab37-6050faa04c59, currentDir=C:\Users\RED\Desktop\LGS2\android} with connection: socket connection from /127.0.0.1:60186 to /127.0.0.1:60197.
2025-10-01T15:42:06.570+0300 [DEBUG] [org.gradle.launcher.daemon.server.DaemonStateCoordinator] Command execution: started DaemonCommandExecution[command = Build{id=9b72fe79-3490-4768-ab37-6050faa04c59, currentDir=C:\Users\RED\Desktop\LGS2\android}, connection = DefaultDaemonConnection: socket connection from /127.0.0.1:60186 to /127.0.0.1:60197] after 0.1795 minutes of idle
2025-10-01T15:42:06.572+0300 [INFO] [org.gradle.launcher.daemon.server.DaemonRegistryUpdater] Marking the daemon as busy, address: [a9d43dd5-b335-4430-ae22-b916786238bb port:60186, addresses:[localhost/127.0.0.1]]
2025-10-01T15:42:06.572+0300 [DEBUG] [org.gradle.launcher.daemon.registry.PersistentDaemonRegistry] Marking busy by address: [a9d43dd5-b335-4430-ae22-b916786238bb port:60186, addresses:[localhost/127.0.0.1]]
2025-10-01T15:42:06.573+0300 [DEBUG] [org.gradle.cache.internal.DefaultFileLockManager] Waiting to acquire exclusive lock on daemon addresses registry.
2025-10-01T15:42:06.574+0300 [DEBUG] [org.gradle.cache.internal.DefaultFileLockManager] Lock acquired on daemon addresses registry.
2025-10-01T15:42:06.575+0300 [DEBUG] [org.gradle.cache.internal.DefaultFileLockManager] Releasing lock on daemon addresses registry.
2025-10-01T15:42:06.576+0300 [DEBUG] [org.gradle.launcher.daemon.server.DaemonStateCoordinator] resetting idle timer
2025-10-01T15:42:06.576+0300 [DEBUG] [org.gradle.launcher.daemon.server.DaemonStateCoordinator] daemon is running. Sleeping until state changes.
2025-10-01T15:42:06.576+0300 [INFO] [org.gradle.launcher.daemon.server.exec.StartBuildOrRespondWithBusy] Daemon is about to start building Build{id=9b72fe79-3490-4768-ab37-6050faa04c59, currentDir=C:\Users\RED\Desktop\LGS2\android}. Dispatching build started information...
2025-10-01T15:42:06.576+0300 [DEBUG] [org.gradle.launcher.daemon.server.SynchronizedDispatchConnection] thread 32: dispatching org.gradle.launcher.daemon.protocol.BuildStarted@7a1d6ce
2025-10-01T15:42:06.577+0300 [DEBUG] [org.gradle.launcher.daemon.server.exec.EstablishBuildEnvironment] Configuring env variables: [USERDOMAIN_ROAMINGPROFILE, WT_SESSION, npm_config_npm_version, PROCESSOR_LEVEL, npm_lifecycle_script, SESSIONNAME, ALLUSERSPROFILE, PROCESSOR_ARCHITECTURE, PSModulePath, SystemDrive, COLOR, npm_lifecycle_event, INIT_CWD, USERNAME, ProgramFiles(x86), npm_package_version, PATHEXT, npm_config_noproxy, DriverData, OneDriveConsumer, NODE, npm_config_prefix, npm_node_execpath, npm_config_init_module, ProgramData, ProgramW6432, __PSLockDownPolicy, HOMEPATH, PROCESSOR_IDENTIFIER, POWERSHELL_DISTRIBUTION_CHANNEL, ProgramFiles, PUBLIC, windir, npm_config_cache, npm_package_json, npm_config_node_gyp, LOCALAPPDATA, USERDOMAIN, LOGONSERVER, npm_command, PROMPT, WT_PROFILE_ID, OneDrive, APPDATA, npm_config_userconfig, npm_execpath, VBOX_MSI_INSTALL_PATH, CommonProgramFiles, Path, npm_config_local_prefix, npm_config_globalconfig, OS, COMPUTERNAME, npm_config_user_agent, PROCESSOR_REVISION, CommonProgramW6432, ComSpec, npm_package_name, PSExecutionPolicyPreference, EDITOR, TEMP, SystemRoot, npm_config_global_prefix, HOMEDRIVE, USERPROFILE, TMP, WSLENV, CommonProgramFiles(x86), NUMBER_OF_PROCESSORS, HOME]
2025-10-01T15:42:06.578+0300 [DEBUG] [org.gradle.launcher.daemon.server.exec.LogToClient] About to start relaying all logs to the client via the connection.
2025-10-01T15:42:06.578+0300 [INFO] [org.gradle.launcher.daemon.server.exec.LogToClient] The client will now receive all logging from the daemon (pid: 20864). The daemon log file: C:\Users\RED\Desktop\LGS2\daemon\8.11.1\daemon-20864.out.log
2025-10-01T15:42:06.579+0300 [INFO] [org.gradle.launcher.daemon.server.exec.LogAndCheckHealth] Starting 2nd build in daemon [uptime: 24.741 secs, performance: 99%, GC rate: 0.00/s, heap usage: 1% of 1.5 GiB]
2025-10-01T15:42:06.580+0300 [DEBUG] [org.gradle.launcher.daemon.server.exec.ExecuteBuild] The daemon has started executing the build.
2025-10-01T15:42:06.580+0300 [DEBUG] [org.gradle.launcher.daemon.server.exec.ExecuteBuild] Executing build with daemon context: DefaultDaemonContext[uid=bffbbc8c-1ed0-437c-b1f1-41f01b0410b4,javaHome=C:\Program Files\Android\Android Studio\jbr,javaVersion=21,javaVendor=JetBrains s.r.o.,daemonRegistryDir=C:\Users\RED\Desktop\LGS2\daemon,pid=20864,idleTimeout=10800000,priority=NORMAL,applyInstrumentationAgent=true,nativeServicesMode=ENABLED,daemonOpts=-Xmx1536m,-Dfile.encoding=UTF-8,-Duser.country=TR,-Duser.language=tr,-Duser.variant]
AGPBI: {"kind":"warning","text":"Using flatDir should be avoided because it doesn't support any meta-data formats.","sources":[{}]}
AGPBI: {"kind":"warning","text":"Using flatDir should be avoided because it doesn't support any meta-data formats.","sources":[{}]}
Note: Some input files use unchecked or unsafe operations.
Note: Recompile with -Xlint:unchecked for details.
[Incubating] Problems report is available at: file:///C:/Users/RED/Desktop/LGS2/android/build/reports/problems/problems-report.html

BUILD SUCCESSFUL in 43s
240 actionable tasks: 210 executed, 30 up-to-date
2025-10-01T15:42:49.855+0300 [DEBUG] [org.gradle.launcher.daemon.server.exec.ExecuteBuild] The daemon has finished executing the build.
2025-10-01T15:42:49.871+0300 [DEBUG] [org.gradle.launcher.daemon.server.DaemonStateCoordinator] daemon is running. Sleeping until state changes.
2025-10-01T15:42:49.871+0300 [DEBUG] [org.gradle.launcher.daemon.server.DaemonStateCoordinator] Command execution: finished waiting for DaemonCommandExecution[command = Build{id=9b72fe79-3490-4768-ab37-6050faa04c59, currentDir=C:\Users\RED\Desktop\LGS2\android}, connection = DefaultDaemonConnection: socket connection from /127.0.0.1:60186 to /127.0.0.1:60197]. Result org.gradle.launcher.daemon.server.DaemonStateCoordinator@bcdcd63 with state Busy
2025-10-01T15:42:49.871+0300 [DEBUG] [org.gradle.launcher.daemon.server.DaemonStateCoordinator] Command execution: completed DaemonCommandExecution[command = Build{id=9b72fe79-3490-4768-ab37-6050faa04c59, currentDir=C:\Users\RED\Desktop\LGS2\android}, connection = DefaultDaemonConnection: socket connection from /127.0.0.1:60186 to /127.0.0.1:60197]
2025-10-01T15:42:49.871+0300 [DEBUG] [org.gradle.launcher.daemon.server.DaemonStateCoordinator] resetting idle timer
2025-10-01T15:42:49.873+0300 [INFO] [org.gradle.launcher.daemon.server.DaemonRegistryUpdater] Marking the daemon as idle, address: [a9d43dd5-b335-4430-ae22-b916786238bb port:60186, addresses:[localhost/127.0.0.1]]
2025-10-01T15:42:49.873+0300 [DEBUG] [org.gradle.launcher.daemon.registry.PersistentDaemonRegistry] Marking busy by address: [a9d43dd5-b335-4430-ae22-b916786238bb port:60186, addresses:[localhost/127.0.0.1]]
2025-10-01T15:42:49.873+0300 [DEBUG] [org.gradle.cache.internal.DefaultFileLockManager] Waiting to acquire exclusive lock on daemon addresses registry.
2025-10-01T15:42:49.874+0300 [DEBUG] [org.gradle.cache.internal.DefaultFileLockManager] Lock acquired on daemon addresses registry.
2025-10-01T15:42:49.875+0300 [DEBUG] [org.gradle.cache.internal.DefaultFileLockManager] Releasing lock on daemon addresses registry.
2025-10-01T15:42:49.876+0300 [DEBUG] [org.gradle.launcher.daemon.server.DaemonStateCoordinator] daemon is running. Sleeping until state changes.
2025-10-01T15:42:49.876+0300 [DEBUG] [org.gradle.launcher.daemon.server.exec.ReturnResult] Daemon is dispatching the build result: Success[value=org.gradle.launcher.exec.BuildActionResult@70ee2c96]
2025-10-01T15:42:49.876+0300 [DEBUG] [org.gradle.launcher.daemon.server.SynchronizedDispatchConnection] thread 29: dispatching Success[value=org.gradle.launcher.exec.BuildActionResult@70ee2c96]
2025-10-01T15:42:49.877+0300 [DEBUG] [org.gradle.launcher.daemon.server.SynchronizedDispatchConnection] thread 98: received class org.gradle.launcher.daemon.protocol.CloseInput
2025-10-01T15:42:49.877+0300 [DEBUG] [org.gradle.launcher.daemon.server.DefaultDaemonConnection] thread 98: Received IO message from client: org.gradle.launcher.daemon.protocol.CloseInput@62c997b2
2025-10-01T15:42:49.877+0300 [DEBUG] [org.gradle.launcher.daemon.server.SynchronizedDispatchConnection] thread 98: received class org.gradle.launcher.daemon.protocol.Finished
2025-10-01T15:42:49.877+0300 [DEBUG] [org.gradle.launcher.daemon.server.DefaultDaemonConnection] thread 98: Received non-IO message from client: org.gradle.launcher.daemon.protocol.Finished@6c0e759b
2025-10-01T15:42:49.877+0300 [DEBUG] [org.gradle.internal.remote.internal.inet.SocketConnection] Discarding EOFException: java.io.EOFException
2025-10-01T15:42:49.877+0300 [DEBUG] [org.gradle.launcher.daemon.server.SynchronizedDispatchConnection] thread 98: received null
2025-10-01T15:42:49.878+0300 [DEBUG] [org.gradle.launcher.daemon.server.DefaultDaemonConnection] thread 98: Received end-of-input from client.
2025-10-01T15:42:49.877+0300 [DEBUG] [org.gradle.launcher.daemon.server.exec.CleanUpVirtualFileSystemAfterBuild] Cleaning virtual file system after build finished
2025-10-01T15:42:49.879+0300 [DEBUG] [org.gradle.launcher.daemon.server.DefaultIncomingConnectionHandler] Finishing executing command: Build{id=9b72fe79-3490-4768-ab37-6050faa04c59, currentDir=C:\Users\RED\Desktop\LGS2\android}
2025-10-01T15:42:49.879+0300 [WARN] [org.gradle.launcher.daemon.server.DefaultIncomingConnectionHandler] Timed out waiting for finished message from client socket connection from /127.0.0.1:60186 to /127.0.0.1:60197. Discarding connection.
2025-10-01T15:42:49.879+0300 [DEBUG] [org.gradle.launcher.daemon.server.SynchronizedDispatchConnection] thread 29: stopping connection
2025-10-01T15:42:49.879+0300 [DEBUG] [org.gradle.launcher.daemon.server.SynchronizedDispatchConnection] thread 29: stopping connection
2025-10-01T15:42:52.088+0300 [DEBUG] [org.gradle.cache.internal.DefaultFileLockManager] Waiting to acquire shared lock on daemon addresses registry.
2025-10-01T15:42:52.088+0300 [DEBUG] [org.gradle.cache.internal.DefaultFileLockManager] Lock acquired on daemon addresses registry.
2025-10-01T15:42:52.089+0300 [DEBUG] [org.gradle.cache.internal.DefaultFileLockManager] Releasing lock on daemon addresses registry.
2025-10-01T15:42:52.091+0300 [DEBUG] [org.gradle.cache.internal.DefaultFileLockManager] Waiting to acquire shared lock on daemon addresses registry.
2025-10-01T15:42:52.091+0300 [DEBUG] [org.gradle.cache.internal.DefaultFileLockManager] Lock acquired on daemon addresses registry.
2025-10-01T15:42:52.091+0300 [DEBUG] [org.gradle.cache.internal.DefaultFileLockManager] Releasing lock on daemon addresses registry.
2025-10-01T15:42:54.070+0300 [DEBUG] [org.gradle.process.internal.health.memory.DefaultMemoryManager] 1713847910 physical memory requested, 819937280 free
2025-10-01T15:42:54.070+0300 [DEBUG] [org.gradle.workers.internal.WorkerDaemonExpiration] Will attempt to release 1634 of memory
2025-10-01T15:42:54.071+0300 [DEBUG] [org.gradle.process.internal.health.memory.DefaultMemoryManager] 1713847910 physical memory requested, 0 released, 819937280 free
2025-10-01T15:42:59.071+0300 [DEBUG] [org.gradle.process.internal.health.memory.DefaultMemoryManager] 1713847910 physical memory requested, 813920256 free
2025-10-01T15:42:59.071+0300 [DEBUG] [org.gradle.workers.internal.WorkerDaemonExpiration] Will attempt to release 1634 of memory
2025-10-01T15:42:59.071+0300 [DEBUG] [org.gradle.process.internal.health.memory.DefaultMemoryManager] 1713847910 physical memory requested, 0 released, 813920256 free
2025-10-01T15:43:02.062+0300 [DEBUG] [org.gradle.cache.internal.DefaultFileLockManager] Waiting to acquire shared lock on daemon addresses registry.
2025-10-01T15:43:02.062+0300 [DEBUG] [org.gradle.cache.internal.DefaultFileLockManager] Lock acquired on daemon addresses registry.
2025-10-01T15:43:02.062+0300 [DEBUG] [org.gradle.cache.internal.DefaultFileLockManager] Releasing lock on daemon addresses registry.
2025-10-01T15:43:02.063+0300 [DEBUG] [org.gradle.cache.internal.DefaultFileLockManager] Waiting to acquire shared lock on daemon addresses registry.
2025-10-01T15:43:02.063+0300 [DEBUG] [org.gradle.cache.internal.DefaultFileLockManager] Lock acquired on daemon addresses registry.
2025-10-01T15:43:02.063+0300 [DEBUG] [org.gradle.cache.internal.DefaultFileLockManager] Releasing lock on daemon addresses registry.
2025-10-01T15:43:02.064+0300 [DEBUG] [org.gradle.cache.internal.DefaultFileLockManager] Waiting to acquire shared lock on daemon addresses registry.
2025-10-01T15:43:02.064+0300 [DEBUG] [org.gradle.cache.internal.DefaultFileLockManager] Lock acquired on daemon addresses registry.
2025-10-01T15:43:02.065+0300 [DEBUG] [org.gradle.cache.internal.DefaultFileLockManager] Releasing lock on daemon addresses registry.
2025-10-01T15:43:04.074+0300 [DEBUG] [org.gradle.process.internal.health.memory.DefaultMemoryManager] 1713847910 physical memory requested, 870842368 free
2025-10-01T15:43:04.074+0300 [DEBUG] [org.gradle.workers.internal.WorkerDaemonExpiration] Will attempt to release 1634 of memory
2025-10-01T15:43:04.074+0300 [DEBUG] [org.gradle.process.internal.health.memory.DefaultMemoryManager] 1713847910 physical memory requested, 0 released, 870842368 free
2025-10-01T15:43:05.181+0300 [DEBUG] [org.gradle.internal.watch.vfs.impl.WatchingVirtualFileSystem] Handling VFS change REMOVED C:\Users\RED\Desktop\LGS2\android\app\release\app-release.apk
2025-10-01T15:43:09.073+0300 [DEBUG] [org.gradle.process.internal.health.memory.DefaultMemoryManager] 1713847910 physical memory requested, 843202560 free
2025-10-01T15:43:09.073+0300 [DEBUG] [org.gradle.workers.internal.WorkerDaemonExpiration] Will attempt to release 1634 of memory
2025-10-01T15:43:09.073+0300 [DEBUG] [org.gradle.process.internal.health.memory.DefaultMemoryManager] 1713847910 physical memory requested, 0 released, 843202560 free
2025-10-01T15:43:12.055+0300 [DEBUG] [org.gradle.cache.internal.DefaultFileLockManager] Waiting to acquire shared lock on daemon addresses registry.
2025-10-01T15:43:12.056+0300 [DEBUG] [org.gradle.cache.internal.DefaultFileLockManager] Lock acquired on daemon addresses registry.
2025-10-01T15:43:12.056+0300 [DEBUG] [org.gradle.cache.internal.DefaultFileLockManager] Releasing lock on daemon addresses registry.
2025-10-01T15:43:12.057+0300 [DEBUG] [org.gradle.cache.internal.DefaultFileLockManager] Waiting to acquire shared lock on daemon addresses registry.
2025-10-01T15:43:12.057+0300 [DEBUG] [org.gradle.cache.internal.DefaultFileLockManager] Lock acquired on daemon addresses registry.
2025-10-01T15:43:12.057+0300 [DEBUG] [org.gradle.cache.internal.DefaultFileLockManager] Releasing lock on daemon addresses registry.
2025-10-01T15:43:12.058+0300 [DEBUG] [org.gradle.cache.internal.DefaultFileLockManager] Waiting to acquire shared lock on daemon addresses registry.
2025-10-01T15:43:12.058+0300 [DEBUG] [org.gradle.cache.internal.DefaultFileLockManager] Lock acquired on daemon addresses registry.
2025-10-01T15:43:12.058+0300 [DEBUG] [org.gradle.cache.internal.DefaultFileLockManager] Releasing lock on daemon addresses registry.
2025-10-01T15:43:14.077+0300 [DEBUG] [org.gradle.process.internal.health.memory.DefaultMemoryManager] 1713847910 physical memory requested, 710897664 free
2025-10-01T15:43:14.077+0300 [DEBUG] [org.gradle.workers.internal.WorkerDaemonExpiration] Will attempt to release 1634 of memory
2025-10-01T15:43:14.077+0300 [DEBUG] [org.gradle.process.internal.health.memory.DefaultMemoryManager] 1713847910 physical memory requested, 0 released, 710897664 free
2025-10-01T15:43:19.081+0300 [DEBUG] [org.gradle.process.internal.health.memory.DefaultMemoryManager] 1713847910 physical memory requested, 696406016 free
2025-10-01T15:43:19.081+0300 [DEBUG] [org.gradle.workers.internal.WorkerDaemonExpiration] Will attempt to release 1634 of memory
2025-10-01T15:43:19.082+0300 [DEBUG] [org.gradle.process.internal.health.memory.DefaultMemoryManager] 1713847910 physical memory requested, 0 released, 696406016 free
2025-10-01T15:43:22.057+0300 [DEBUG] [org.gradle.cache.internal.DefaultFileLockManager] Waiting to acquire shared lock on daemon addresses registry.
2025-10-01T15:43:22.057+0300 [DEBUG] [org.gradle.cache.internal.DefaultFileLockManager] Lock acquired on daemon addresses registry.
2025-10-01T15:43:22.057+0300 [DEBUG] [org.gradle.cache.internal.DefaultFileLockManager] Releasing lock on daemon addresses registry.
2025-10-01T15:43:22.058+0300 [DEBUG] [org.gradle.cache.internal.DefaultFileLockManager] Waiting to acquire shared lock on daemon addresses registry.
2025-10-01T15:43:22.058+0300 [DEBUG] [org.gradle.cache.internal.DefaultFileLockManager] Lock acquired on daemon addresses registry.
2025-10-01T15:43:22.059+0300 [DEBUG] [org.gradle.cache.internal.DefaultFileLockManager] Releasing lock on daemon addresses registry.
2025-10-01T15:43:22.059+0300 [DEBUG] [org.gradle.cache.internal.DefaultFileLockManager] Waiting to acquire shared lock on daemon addresses registry.
2025-10-01T15:43:22.059+0300 [DEBUG] [org.gradle.cache.internal.DefaultFileLockManager] Lock acquired on daemon addresses registry.
2025-10-01T15:43:22.060+0300 [DEBUG] [org.gradle.cache.internal.DefaultFileLockManager] Releasing lock on daemon addresses registry.
2025-10-01T15:43:24.077+0300 [DEBUG] [org.gradle.process.internal.health.memory.DefaultMemoryManager] 1713847910 physical memory requested, 834220032 free
2025-10-01T15:43:24.077+0300 [DEBUG] [org.gradle.workers.internal.WorkerDaemonExpiration] Will attempt to release 1634 of memory
2025-10-01T15:43:24.077+0300 [DEBUG] [org.gradle.process.internal.health.memory.DefaultMemoryManager] 1713847910 physical memory requested, 0 released, 834220032 free
2025-10-01T15:43:29.073+0300 [DEBUG] [org.gradle.process.internal.health.memory.DefaultMemoryManager] 1713847910 physical memory requested, 693858304 free
2025-10-01T15:43:29.073+0300 [DEBUG] [org.gradle.workers.internal.WorkerDaemonExpiration] Will attempt to release 1634 of memory
2025-10-01T15:43:29.073+0300 [DEBUG] [org.gradle.process.internal.health.memory.DefaultMemoryManager] 1713847910 physical memory requested, 0 released, 693858304 free
2025-10-01T15:43:32.055+0300 [DEBUG] [org.gradle.cache.internal.DefaultFileLockManager] Waiting to acquire shared lock on daemon addresses registry.
2025-10-01T15:43:32.055+0300 [DEBUG] [org.gradle.cache.internal.DefaultFileLockManager] Lock acquired on daemon addresses registry.
2025-10-01T15:43:32.055+0300 [DEBUG] [org.gradle.cache.internal.DefaultFileLockManager] Releasing lock on daemon addresses registry.
2025-10-01T15:43:32.056+0300 [DEBUG] [org.gradle.cache.internal.DefaultFileLockManager] Waiting to acquire shared lock on daemon addresses registry.
2025-10-01T15:43:32.056+0300 [DEBUG] [org.gradle.cache.internal.DefaultFileLockManager] Lock acquired on daemon addresses registry.
2025-10-01T15:43:32.057+0300 [DEBUG] [org.gradle.cache.internal.DefaultFileLockManager] Releasing lock on daemon addresses registry.
2025-10-01T15:43:32.057+0300 [DEBUG] [org.gradle.cache.internal.DefaultFileLockManager] Waiting to acquire shared lock on daemon addresses registry.
2025-10-01T15:43:32.058+0300 [DEBUG] [org.gradle.cache.internal.DefaultFileLockManager] Lock acquired on daemon addresses registry.
2025-10-01T15:43:32.058+0300 [DEBUG] [org.gradle.cache.internal.DefaultFileLockManager] Releasing lock on daemon addresses registry.
2025-10-01T15:43:34.072+0300 [DEBUG] [org.gradle.process.internal.health.memory.DefaultMemoryManager] 1713847910 physical memory requested, 681971712 free
2025-10-01T15:43:34.072+0300 [DEBUG] [org.gradle.workers.internal.WorkerDaemonExpiration] Will attempt to release 1634 of memory
2025-10-01T15:43:34.072+0300 [DEBUG] [org.gradle.process.internal.health.memory.DefaultMemoryManager] 1713847910 physical memory requested, 0 released, 681971712 free
2025-10-01T15:43:39.070+0300 [DEBUG] [org.gradle.process.internal.health.memory.DefaultMemoryManager] 1713847910 physical memory requested, 702459904 free
2025-10-01T15:43:39.070+0300 [DEBUG] [org.gradle.workers.internal.WorkerDaemonExpiration] Will attempt to release 1634 of memory
2025-10-01T15:43:39.070+0300 [DEBUG] [org.gradle.process.internal.health.memory.DefaultMemoryManager] 1713847910 physical memory requested, 0 released, 702459904 free
2025-10-01T15:43:42.065+0300 [DEBUG] [org.gradle.cache.internal.DefaultFileLockManager] Waiting to acquire shared lock on daemon addresses registry.
2025-10-01T15:43:42.065+0300 [DEBUG] [org.gradle.cache.internal.DefaultFileLockManager] Lock acquired on daemon addresses registry.
2025-10-01T15:43:42.065+0300 [DEBUG] [org.gradle.cache.internal.DefaultFileLockManager] Releasing lock on daemon addresses registry.
2025-10-01T15:43:42.066+0300 [DEBUG] [org.gradle.cache.internal.DefaultFileLockManager] Waiting to acquire shared lock on daemon addresses registry.
2025-10-01T15:43:42.067+0300 [DEBUG] [org.gradle.cache.internal.DefaultFileLockManager] Lock acquired on daemon addresses registry.
2025-10-01T15:43:42.067+0300 [DEBUG] [org.gradle.cache.internal.DefaultFileLockManager] Releasing lock on daemon addresses registry.
2025-10-01T15:43:42.068+0300 [DEBUG] [org.gradle.cache.internal.DefaultFileLockManager] Waiting to acquire shared lock on daemon addresses registry.
2025-10-01T15:43:42.068+0300 [DEBUG] [org.gradle.cache.internal.DefaultFileLockManager] Lock acquired on daemon addresses registry.
2025-10-01T15:43:42.068+0300 [DEBUG] [org.gradle.cache.internal.DefaultFileLockManager] Releasing lock on daemon addresses registry.
2025-10-01T15:43:44.076+0300 [DEBUG] [org.gradle.process.internal.health.memory.DefaultMemoryManager] 1713847910 physical memory requested, 715886592 free
2025-10-01T15:43:44.076+0300 [DEBUG] [org.gradle.workers.internal.WorkerDaemonExpiration] Will attempt to release 1634 of memory
2025-10-01T15:43:44.077+0300 [DEBUG] [org.gradle.process.internal.health.memory.DefaultMemoryManager] 1713847910 physical memory requested, 0 released, 715886592 free
2025-10-01T15:43:49.077+0300 [DEBUG] [org.gradle.process.internal.health.memory.DefaultMemoryManager] 1713847910 physical memory requested, 695468032 free
2025-10-01T15:43:49.077+0300 [DEBUG] [org.gradle.workers.internal.WorkerDaemonExpiration] Will attempt to release 1634 of memory
2025-10-01T15:43:49.077+0300 [DEBUG] [org.gradle.process.internal.health.memory.DefaultMemoryManager] 1713847910 physical memory requested, 0 released, 695468032 free
2025-10-01T15:43:52.057+0300 [DEBUG] [org.gradle.cache.internal.DefaultFileLockManager] Waiting to acquire shared lock on daemon addresses registry.
2025-10-01T15:43:52.058+0300 [DEBUG] [org.gradle.cache.internal.DefaultFileLockManager] Lock acquired on daemon addresses registry.
2025-10-01T15:43:52.058+0300 [DEBUG] [org.gradle.cache.internal.DefaultFileLockManager] Releasing lock on daemon addresses registry.
2025-10-01T15:43:52.059+0300 [DEBUG] [org.gradle.cache.internal.DefaultFileLockManager] Waiting to acquire shared lock on daemon addresses registry.
2025-10-01T15:43:52.059+0300 [DEBUG] [org.gradle.cache.internal.DefaultFileLockManager] Lock acquired on daemon addresses registry.
2025-10-01T15:43:52.059+0300 [DEBUG] [org.gradle.cache.internal.DefaultFileLockManager] Releasing lock on daemon addresses registry.
2025-10-01T15:43:52.060+0300 [DEBUG] [org.gradle.cache.internal.DefaultFileLockManager] Waiting to acquire shared lock on daemon addresses registry.
2025-10-01T15:43:52.060+0300 [DEBUG] [org.gradle.cache.internal.DefaultFileLockManager] Lock acquired on daemon addresses registry.
2025-10-01T15:43:52.060+0300 [DEBUG] [org.gradle.cache.internal.DefaultFileLockManager] Releasing lock on daemon addresses registry.
2025-10-01T15:43:54.076+0300 [DEBUG] [org.gradle.process.internal.health.memory.DefaultMemoryManager] 1713847910 physical memory requested, 723402752 free
2025-10-01T15:43:54.076+0300 [DEBUG] [org.gradle.workers.internal.WorkerDaemonExpiration] Will attempt to release 1634 of memory
2025-10-01T15:43:54.076+0300 [DEBUG] [org.gradle.process.internal.health.memory.DefaultMemoryManager] 1713847910 physical memory requested, 0 released, 723402752 free
2025-10-01T15:43:59.075+0300 [DEBUG] [org.gradle.process.internal.health.memory.DefaultMemoryManager] 1713847910 physical memory requested, 669167616 free
2025-10-01T15:43:59.076+0300 [DEBUG] [org.gradle.workers.internal.WorkerDaemonExpiration] Will attempt to release 1634 of memory
2025-10-01T15:43:59.076+0300 [DEBUG] [org.gradle.process.internal.health.memory.DefaultMemoryManager] 1713847910 physical memory requested, 0 released, 669167616 free
2025-10-01T15:44:02.057+0300 [DEBUG] [org.gradle.cache.internal.DefaultFileLockManager] Waiting to acquire shared lock on daemon addresses registry.
2025-10-01T15:44:02.058+0300 [DEBUG] [org.gradle.cache.internal.DefaultFileLockManager] Lock acquired on daemon addresses registry.
2025-10-01T15:44:02.058+0300 [DEBUG] [org.gradle.cache.internal.DefaultFileLockManager] Releasing lock on daemon addresses registry.
2025-10-01T15:44:02.059+0300 [DEBUG] [org.gradle.cache.internal.DefaultFileLockManager] Waiting to acquire shared lock on daemon addresses registry.
2025-10-01T15:44:02.059+0300 [DEBUG] [org.gradle.cache.internal.DefaultFileLockManager] Lock acquired on daemon addresses registry.
2025-10-01T15:44:02.059+0300 [DEBUG] [org.gradle.cache.internal.DefaultFileLockManager] Releasing lock on daemon addresses registry.
2025-10-01T15:44:02.059+0300 [DEBUG] [org.gradle.cache.internal.DefaultFileLockManager] Waiting to acquire shared lock on daemon addresses registry.
2025-10-01T15:44:02.060+0300 [DEBUG] [org.gradle.cache.internal.DefaultFileLockManager] Lock acquired on daemon addresses registry.
2025-10-01T15:44:02.060+0300 [DEBUG] [org.gradle.cache.internal.DefaultFileLockManager] Releasing lock on daemon addresses registry.
2025-10-01T15:44:04.074+0300 [DEBUG] [org.gradle.process.internal.health.memory.DefaultMemoryManager] 1713847910 physical memory requested, 732037120 free
2025-10-01T15:44:04.074+0300 [DEBUG] [org.gradle.workers.internal.WorkerDaemonExpiration] Will attempt to release 1634 of memory
2025-10-01T15:44:04.074+0300 [DEBUG] [org.gradle.process.internal.health.memory.DefaultMemoryManager] 1713847910 physical memory requested, 0 released, 732037120 free
2025-10-01T15:44:09.075+0300 [DEBUG] [org.gradle.process.internal.health.memory.DefaultMemoryManager] 1713847910 physical memory requested, 734035968 free
2025-10-01T15:44:09.075+0300 [DEBUG] [org.gradle.workers.internal.WorkerDaemonExpiration] Will attempt to release 1634 of memory
2025-10-01T15:44:09.075+0300 [DEBUG] [org.gradle.process.internal.health.memory.DefaultMemoryManager] 1713847910 physical memory requested, 0 released, 734035968 free
2025-10-01T15:44:12.056+0300 [DEBUG] [org.gradle.cache.internal.DefaultFileLockManager] Waiting to acquire shared lock on daemon addresses registry.
2025-10-01T15:44:12.057+0300 [DEBUG] [org.gradle.cache.internal.DefaultFileLockManager] Lock acquired on daemon addresses registry.
2025-10-01T15:44:12.058+0300 [DEBUG] [org.gradle.cache.internal.DefaultFileLockManager] Releasing lock on daemon addresses registry.
2025-10-01T15:44:12.058+0300 [DEBUG] [org.gradle.cache.internal.DefaultFileLockManager] Waiting to acquire shared lock on daemon addresses registry.
2025-10-01T15:44:12.059+0300 [DEBUG] [org.gradle.cache.internal.DefaultFileLockManager] Lock acquired on daemon addresses registry.
2025-10-01T15:44:12.059+0300 [DEBUG] [org.gradle.cache.internal.DefaultFileLockManager] Releasing lock on daemon addresses registry.
2025-10-01T15:44:12.061+0300 [DEBUG] [org.gradle.cache.internal.DefaultFileLockManager] Waiting to acquire shared lock on daemon addresses registry.
2025-10-01T15:44:12.061+0300 [DEBUG] [org.gradle.cache.internal.DefaultFileLockManager] Lock acquired on daemon addresses registry.
2025-10-01T15:44:12.061+0300 [DEBUG] [org.gradle.cache.internal.DefaultFileLockManager] Releasing lock on daemon addresses registry.
2025-10-01T15:44:14.075+0300 [DEBUG] [org.gradle.process.internal.health.memory.DefaultMemoryManager] 1713847910 physical memory requested, 721264640 free
2025-10-01T15:44:14.075+0300 [DEBUG] [org.gradle.workers.internal.WorkerDaemonExpiration] Will attempt to release 1634 of memory
2025-10-01T15:44:14.075+0300 [DEBUG] [org.gradle.process.internal.health.memory.DefaultMemoryManager] 1713847910 physical memory requested, 0 released, 721264640 free
2025-10-01T15:44:19.082+0300 [DEBUG] [org.gradle.process.internal.health.memory.DefaultMemoryManager] 1713847910 physical memory requested, 733052928 free
2025-10-01T15:44:19.082+0300 [DEBUG] [org.gradle.workers.internal.WorkerDaemonExpiration] Will attempt to release 1634 of memory
2025-10-01T15:44:19.082+0300 [DEBUG] [org.gradle.process.internal.health.memory.DefaultMemoryManager] 1713847910 physical memory requested, 0 released, 733052928 free
2025-10-01T15:44:19.451+0300 [DEBUG] [org.gradle.internal.remote.internal.inet.TcpIncomingConnector] Accepted connection from /127.0.0.1:60308 to /127.0.0.1:60186.
2025-10-01T15:44:19.460+0300 [DEBUG] [org.gradle.launcher.daemon.server.SynchronizedDispatchConnection] thread 265: received class org.gradle.launcher.daemon.protocol.StopWhenIdle
2025-10-01T15:44:19.460+0300 [DEBUG] [org.gradle.launcher.daemon.server.DefaultDaemonConnection] thread 265: Received non-IO message from client: StopWhenIdle[id=b293d06f-6590-4a2b-87d5-94d749522218]
2025-10-01T15:44:19.460+0300 [INFO] [org.gradle.launcher.daemon.server.DefaultIncomingConnectionHandler] Received command: StopWhenIdle[id=b293d06f-6590-4a2b-87d5-94d749522218].
2025-10-01T15:44:19.460+0300 [DEBUG] [org.gradle.launcher.daemon.server.DefaultIncomingConnectionHandler] Starting executing command: StopWhenIdle[id=b293d06f-6590-4a2b-87d5-94d749522218] with connection: socket connection from /127.0.0.1:60186 to /127.0.0.1:60308.
2025-10-01T15:44:19.460+0300 [DEBUG] [org.gradle.launcher.daemon.server.DaemonRegistryUpdater] Storing daemon stop event: stop command received
2025-10-01T15:44:19.462+0300 [DEBUG] [org.gradle.launcher.daemon.registry.PersistentDaemonRegistry] Storing daemon stop event with timestamp 1759322659458
2025-10-01T15:44:19.463+0300 [DEBUG] [org.gradle.cache.internal.DefaultFileLockManager] Waiting to acquire exclusive lock on daemon addresses registry.
2025-10-01T15:44:19.464+0300 [DEBUG] [org.gradle.cache.internal.DefaultFileLockManager] Lock acquired on daemon addresses registry.
2025-10-01T15:44:19.465+0300 [DEBUG] [org.gradle.cache.internal.DefaultFileLockManager] Releasing lock on daemon addresses registry.
2025-10-01T15:44:19.465+0300 [LIFECYCLE] [org.gradle.launcher.daemon.server.DaemonStateCoordinator] Daemon will be stopped at the end of the build stop command received
2025-10-01T15:44:19.466+0300 [DEBUG] [org.gradle.launcher.daemon.server.DaemonStateCoordinator] Marking daemon stopped due to stop command received. The daemon is not running a build
2025-10-01T15:44:19.466+0300 [DEBUG] [org.gradle.launcher.daemon.server.DaemonStateCoordinator] daemon has stopped.
2025-10-01T15:44:19.466+0300 [DEBUG] [org.gradle.launcher.daemon.server.SynchronizedDispatchConnection] thread 264: dispatching Success[value=null]
2025-10-01T15:44:19.466+0300 [DEBUG] [org.gradle.launcher.daemon.server.DefaultIncomingConnectionHandler] Finishing executing command: StopWhenIdle[id=b293d06f-6590-4a2b-87d5-94d749522218]
2025-10-01T15:44:19.466+0300 [DEBUG] [org.gradle.launcher.daemon.server.SynchronizedDispatchConnection] thread 265: received class org.gradle.launcher.daemon.protocol.Finished
2025-10-01T15:44:19.466+0300 [DEBUG] [org.gradle.launcher.daemon.server.DefaultDaemonConnection] thread 265: Received non-IO message from client: org.gradle.launcher.daemon.protocol.Finished@7b0f85e6
2025-10-01T15:44:19.466+0300 [DEBUG] [org.gradle.internal.remote.internal.inet.SocketConnection] Discarding EOFException: java.io.EOFException
2025-10-01T15:44:19.466+0300 [DEBUG] [org.gradle.launcher.daemon.server.SynchronizedDispatchConnection] thread 265: received null
2025-10-01T15:44:19.466+0300 [DEBUG] [org.gradle.launcher.daemon.server.Daemon] stop() called on daemon
2025-10-01T15:44:19.466+0300 [DEBUG] [org.gradle.launcher.daemon.server.DefaultDaemonConnection] thread 265: Received end-of-input from client.
2025-10-01T15:44:19.466+0300 [DEBUG] [org.gradle.launcher.daemon.server.DefaultIncomingConnectionHandler] Received finished message: org.gradle.launcher.daemon.protocol.Finished@7b0f85e6
2025-10-01T15:44:19.467+0300 [INFO] [org.gradle.launcher.daemon.server.Daemon] Stop requested. Daemon is removing its presence from the registry...
2025-10-01T15:44:19.467+0300 [DEBUG] [org.gradle.launcher.daemon.server.SynchronizedDispatchConnection] thread 264: stopping connection
2025-10-01T15:44:19.467+0300 [DEBUG] [org.gradle.launcher.daemon.server.DaemonRegistryUpdater] Removing our presence to clients, eg. removing this address from the registry: [a9d43dd5-b335-4430-ae22-b916786238bb port:60186, addresses:[localhost/127.0.0.1]]
2025-10-01T15:44:19.467+0300 [DEBUG] [org.gradle.launcher.daemon.registry.PersistentDaemonRegistry] Removing daemon address: [a9d43dd5-b335-4430-ae22-b916786238bb port:60186, addresses:[localhost/127.0.0.1]]
2025-10-01T15:44:19.467+0300 [DEBUG] [org.gradle.launcher.daemon.server.SynchronizedDispatchConnection] thread 264: stopping connection
2025-10-01T15:44:19.468+0300 [DEBUG] [org.gradle.cache.internal.DefaultFileLockManager] Waiting to acquire exclusive lock on daemon addresses registry.
2025-10-01T15:44:19.468+0300 [DEBUG] [org.gradle.cache.internal.DefaultFileLockManager] Lock acquired on daemon addresses registry.
2025-10-01T15:44:19.470+0300 [DEBUG] [org.gradle.cache.internal.DefaultFileLockManager] Releasing lock on daemon addresses registry.
2025-10-01T15:44:19.470+0300 [DEBUG] [org.gradle.launcher.daemon.server.DaemonRegistryUpdater] Address removed from registry.
2025-10-01T15:44:19.490+0300 [DEBUG] [org.gradle.cache.internal.LockOnDemandCrossProcessCacheAccess] Releasing file lock for jars (C:\Users\RED\Desktop\LGS2\caches\jars-9)
2025-10-01T15:44:19.496+0300 [DEBUG] [org.gradle.cache.internal.DefaultFileLockManager] Releasing lock on jars (C:\Users\RED\Desktop\LGS2\caches\jars-9).
2025-10-01T15:44:19.497+0300 [DEBUG] [org.gradle.cache.internal.DefaultCacheCleanupExecutor] jars (C:\Users\RED\Desktop\LGS2\caches\jars-9) has last been fully cleaned up 7 hours ago
2025-10-01T15:44:19.497+0300 [DEBUG] [org.gradle.cache.internal.DefaultCacheCleanupExecutor] Skipping cleanup for jars (C:\Users\RED\Desktop\LGS2\caches\jars-9) as it is not yet due
2025-10-01T15:44:19.498+0300 [DEBUG] [org.gradle.cache.internal.LockOnDemandCrossProcessCacheAccess] Releasing file lock for file content cache (C:\Users\RED\Desktop\LGS2\caches\8.11.1\fileContent)
2025-10-01T15:44:19.498+0300 [DEBUG] [org.gradle.cache.internal.DefaultFileLockManager] Releasing lock on file content cache (C:\Users\RED\Desktop\LGS2\caches\8.11.1\fileContent).
2025-10-01T15:44:19.498+0300 [DEBUG] [org.gradle.internal.watch.vfs.impl.WatchingVirtualFileSystem] Closing VFS, dropping state
2025-10-01T15:44:19.504+0300 [DEBUG] [org.gradle.cache.internal.DefaultCacheCoordinator] Cache Generated Gradle JARs cache (C:\Users\RED\Desktop\LGS2\caches\8.11.1\generated-gradle-jars) was closed 0 times.
2025-10-01T15:44:19.504+0300 [DEBUG] [org.gradle.internal.watch.registry.impl.DefaultFileWatcherRegistry] Finished listening to file system change events
2025-10-01T15:44:19.504+0300 [DEBUG] [org.gradle.cache.internal.LockOnDemandCrossProcessCacheAccess] Releasing file lock for artifact cache (C:\Users\RED\Desktop\LGS2\caches\modules-2)
2025-10-01T15:44:19.505+0300 [DEBUG] [org.gradle.cache.internal.btree.BTreePersistentIndexedCache] Closing cache module-artifact.bin (C:\Users\RED\Desktop\LGS2\caches\modules-2\metadata-2.107\module-artifact.bin)
2025-10-01T15:44:19.505+0300 [DEBUG] [org.gradle.cache.internal.btree.BTreePersistentIndexedCache] Closing cache module-metadata.bin (C:\Users\RED\Desktop\LGS2\caches\modules-2\metadata-2.107\module-metadata.bin)
2025-10-01T15:44:19.505+0300 [DEBUG] [org.gradle.cache.internal.DefaultFileLockManager] Releasing lock on artifact cache (C:\Users\RED\Desktop\LGS2\caches\modules-2).
2025-10-01T15:44:19.506+0300 [DEBUG] [org.gradle.cache.internal.DefaultCacheCleanupExecutor] artifact cache (C:\Users\RED\Desktop\LGS2\caches\modules-2) has last been fully cleaned up 7 hours ago
2025-10-01T15:44:19.506+0300 [DEBUG] [org.gradle.cache.internal.DefaultCacheCleanupExecutor] Skipping cleanup for artifact cache (C:\Users\RED\Desktop\LGS2\caches\modules-2) as it is not yet due
2025-10-01T15:44:19.506+0300 [DEBUG] [org.gradle.cache.internal.DefaultCacheCleanupExecutor] groovy-dsl (C:\Users\RED\Desktop\LGS2\caches\8.11.1\groovy-dsl) has last been fully cleaned up 7 hours ago
2025-10-01T15:44:19.506+0300 [DEBUG] [org.gradle.cache.internal.DefaultCacheCleanupExecutor] Skipping cleanup for groovy-dsl (C:\Users\RED\Desktop\LGS2\caches\8.11.1\groovy-dsl) as it is not yet due
2025-10-01T15:44:19.506+0300 [DEBUG] [org.gradle.cache.internal.DefaultCacheCoordinator] Cache groovy-dsl (C:\Users\RED\Desktop\LGS2\caches\8.11.1\groovy-dsl) was closed 0 times.
2025-10-01T15:44:19.506+0300 [DEBUG] [org.gradle.cache.internal.DefaultCacheCleanupExecutor] Artifact transforms cache (C:\Users\RED\Desktop\LGS2\caches\8.11.1\transforms) has last been fully cleaned up 7 hours ago
2025-10-01T15:44:19.510+0300 [DEBUG] [org.gradle.cache.internal.DefaultCacheCleanupExecutor] Skipping cleanup for Artifact transforms cache (C:\Users\RED\Desktop\LGS2\caches\8.11.1\transforms) as it is not yet due
2025-10-01T15:44:19.510+0300 [DEBUG] [org.gradle.cache.internal.DefaultCacheCoordinator] Cache Artifact transforms cache (C:\Users\RED\Desktop\LGS2\caches\8.11.1\transforms) was closed 0 times.
2025-10-01T15:44:19.511+0300 [DEBUG] [org.gradle.cache.internal.LockOnDemandCrossProcessCacheAccess] Releasing file lock for journal cache (C:\Users\RED\Desktop\LGS2\caches\journal-1)
2025-10-01T15:44:19.511+0300 [DEBUG] [org.gradle.cache.internal.btree.BTreePersistentIndexedCache] Closing cache file-access.bin (C:\Users\RED\Desktop\LGS2\caches\journal-1\file-access.bin)
2025-10-01T15:44:19.512+0300 [DEBUG] [org.gradle.cache.internal.DefaultFileLockManager] Releasing lock on journal cache (C:\Users\RED\Desktop\LGS2\caches\journal-1).
2025-10-01T15:44:19.512+0300 [DEBUG] [org.gradle.cache.internal.LockOnDemandCrossProcessCacheAccess] Releasing file lock for file hash cache (C:\Users\RED\Desktop\LGS2\caches\8.11.1\fileHashes)
2025-10-01T15:44:19.512+0300 [DEBUG] [org.gradle.cache.internal.btree.BTreePersistentIndexedCache] Closing cache fileHashes.bin (C:\Users\RED\Desktop\LGS2\caches\8.11.1\fileHashes\fileHashes.bin)
2025-10-01T15:44:19.513+0300 [DEBUG] [org.gradle.cache.internal.btree.BTreePersistentIndexedCache] Closing cache resourceHashesCache.bin (C:\Users\RED\Desktop\LGS2\caches\8.11.1\fileHashes\resourceHashesCache.bin)
2025-10-01T15:44:19.513+0300 [DEBUG] [org.gradle.cache.internal.DefaultFileLockManager] Releasing lock on file hash cache (C:\Users\RED\Desktop\LGS2\caches\8.11.1\fileHashes).
2025-10-01T15:44:19.515+0300 [DEBUG] [org.gradle.cache.internal.LockOnDemandCrossProcessCacheAccess] Releasing file lock for Java compile cache (C:\Users\RED\Desktop\LGS2\caches\8.11.1\javaCompile)
2025-10-01T15:44:19.515+0300 [DEBUG] [org.gradle.cache.internal.btree.BTreePersistentIndexedCache] Closing cache jarAnalysis.bin (C:\Users\RED\Desktop\LGS2\caches\8.11.1\javaCompile\jarAnalysis.bin)
2025-10-01T15:44:19.515+0300 [DEBUG] [org.gradle.cache.internal.btree.BTreePersistentIndexedCache] Closing cache classAnalysis.bin (C:\Users\RED\Desktop\LGS2\caches\8.11.1\javaCompile\classAnalysis.bin)
2025-10-01T15:44:19.515+0300 [DEBUG] [org.gradle.cache.internal.DefaultFileLockManager] Releasing lock on Java compile cache (C:\Users\RED\Desktop\LGS2\caches\8.11.1\javaCompile).
2025-10-01T15:44:19.516+0300 [DEBUG] [org.gradle.internal.operations.DefaultBuildOperationRunner] Build operation 'Deleting unused version-specific caches in C:\Users\RED\Desktop\LGS2\caches' started
2025-10-01T15:44:19.517+0300 [DEBUG] [org.gradle.internal.operations.DefaultBuildOperationRunner] Completing Build operation 'Deleting unused version-specific caches in C:\Users\RED\Desktop\LGS2\caches'
2025-10-01T15:44:19.517+0300 [DEBUG] [org.gradle.internal.operations.DefaultBuildOperationRunner] Build operation 'Deleting unused version-specific caches in C:\Users\RED\Desktop\LGS2\caches' completed
2025-10-01T15:44:19.518+0300 [DEBUG] [org.gradle.launcher.daemon.server.Daemon] stop() called on daemon
2025-10-01T15:44:19.518+0300 [INFO] [org.gradle.launcher.daemon.server.Daemon] Stop requested. Daemon is removing its presence from the registry...
2025-10-01T15:44:19.518+0300 [DEBUG] [org.gradle.launcher.daemon.server.DaemonRegistryUpdater] Removing our presence to clients, eg. removing this address from the registry: [a9d43dd5-b335-4430-ae22-b916786238bb port:60186, addresses:[localhost/127.0.0.1]]
2025-10-01T15:44:19.518+0300 [DEBUG] [org.gradle.launcher.daemon.registry.PersistentDaemonRegistry] Removing daemon address: [a9d43dd5-b335-4430-ae22-b916786238bb port:60186, addresses:[localhost/127.0.0.1]]
2025-10-01T15:44:19.519+0300 [DEBUG] [org.gradle.cache.internal.DefaultFileLockManager] Waiting to acquire exclusive lock on daemon addresses registry.
2025-10-01T15:44:19.519+0300 [DEBUG] [org.gradle.cache.internal.DefaultFileLockManager] Lock acquired on daemon addresses registry.
2025-10-01T15:44:19.520+0300 [DEBUG] [org.gradle.cache.internal.DefaultFileLockManager] Releasing lock on daemon addresses registry.
2025-10-01T15:44:19.520+0300 [DEBUG] [org.gradle.launcher.daemon.server.DaemonRegistryUpdater] Address removed from registry.
2025-10-01T15:44:19.521+0300 [DEBUG] [org.gradle.cache.internal.locklistener.DefaultFileLockContentionHandler] File lock listener thread completed.
2025-10-01T15:44:19.525+0300 [DEBUG] [java.lang.Runtime] Runtime.exit() called with status: 0
java.lang.Throwable: Runtime.exit(0)
	at java.base/java.lang.Shutdown.logRuntimeExit(Unknown Source)
	at java.base/java.lang.Shutdown.exit(Unknown Source)
	at java.base/java.lang.Runtime.exit(Unknown Source)
	at java.base/java.lang.System.exit(Unknown Source)
	at org.gradle.launcher.bootstrap.ProcessCompleter.complete(ProcessCompleter.java:21)
	at org.gradle.launcher.bootstrap.EntryPoint.run(EntryPoint.java:61)
	at java.base/jdk.internal.reflect.DirectMethodHandleAccessor.invoke(Unknown Source)
	at java.base/java.lang.reflect.Method.invoke(Unknown Source)
	at org.gradle.launcher.bootstrap.ProcessBootstrap.runNoExit(ProcessBootstrap.java:72)
	at org.gradle.launcher.bootstrap.ProcessBootstrap.run(ProcessBootstrap.java:39)
	at org.gradle.launcher.daemon.bootstrap.GradleDaemon.main(GradleDaemon.java:22)
2025-10-01T15:44:19.527+0300 [DEBUG] [org.gradle.launcher.daemon.registry.PersistentDaemonRegistry] Removing daemon address: [a9d43dd5-b335-4430-ae22-b916786238bb port:60186, addresses:[localhost/127.0.0.1]]
Daemon vm is shutting down... The daemon has exited normally or was terminated in response to a user interrupt.
2025-10-01T15:44:19.528+0300 [DEBUG] [org.gradle.launcher.daemon.server.Daemon] VM shutdown hook was unable to remove the daemon address from the registry. It will be cleaned up later.
java.lang.IllegalStateException: Cannot start managing file contention because this handler has been closed.
	at org.gradle.cache.internal.locklistener.DefaultFileLockContentionHandler.assertNotStopped(DefaultFileLockContentionHandler.java:217)
	at org.gradle.cache.internal.locklistener.DefaultFileLockContentionHandler.getCommunicator(DefaultFileLockContentionHandler.java:260)
	at org.gradle.cache.internal.locklistener.DefaultFileLockContentionHandler.reservePort(DefaultFileLockContentionHandler.java:254)
	at org.gradle.cache.internal.DefaultFileLockManager.lock(DefaultFileLockManager.java:124)
	at org.gradle.cache.internal.DefaultFileLockManager.lock(DefaultFileLockManager.java:106)
	at org.gradle.cache.internal.DefaultFileLockManager.lock(DefaultFileLockManager.java:101)
	at org.gradle.cache.internal.OnDemandFileAccess.updateFile(OnDemandFileAccess.java:51)
	at org.gradle.cache.internal.FileBackedObjectHolder.update(FileBackedObjectHolder.java:77)
	at org.gradle.cache.internal.FileIntegrityViolationSuppressingObjectHolderDecorator.lambda$update$0(FileIntegrityViolationSuppressingObjectHolderDecorator.java:48)
	at org.gradle.cache.internal.FileIntegrityViolationSuppressingObjectHolderDecorator.doUpdate(FileIntegrityViolationSuppressingObjectHolderDecorator.java:58)
	at org.gradle.cache.internal.FileIntegrityViolationSuppressingObjectHolderDecorator.update(FileIntegrityViolationSuppressingObjectHolderDecorator.java:48)
	at org.gradle.launcher.daemon.registry.PersistentDaemonRegistry.remove(PersistentDaemonRegistry.java:133)
	at org.gradle.launcher.daemon.server.Daemon$1.run(Daemon.java:133)
	at java.base/java.lang.Thread.run(Unknown Source)
